<?xml version="1.0" encoding="UTF-8"?>
<coverage generated="1554186146091" clover="3.2.0">
  <project timestamp="1554186146091" name="All files">
    <metrics statements="191" coveredstatements="175" conditionals="78" coveredconditionals="62" methods="42" coveredmethods="39" elements="311" coveredelements="276" complexity="0" loc="191" ncloc="191" packages="7" files="15" classes="15">
      <package name="example">
        <metrics statements="5" coveredstatements="5" conditionals="0" coveredconditionals="0" methods="2" coveredmethods="2"/>
        <file name="DevTool.jsx" path="/Users/zhouyk/workspace/glue-redux/example/DevTool.jsx">
          <metrics statements="1" coveredstatements="1" conditionals="0" coveredconditionals="0" methods="1" coveredmethods="1"/>
          <line num="10" count="3" type="stmt"/>
        </file>
        <file name="store.js" path="/Users/zhouyk/workspace/glue-redux/example/store.js">
          <metrics statements="4" coveredstatements="4" conditionals="0" coveredconditionals="0" methods="1" coveredmethods="1"/>
          <line num="8" count="3" type="stmt"/>
          <line num="9" count="3" type="stmt"/>
          <line num="16" count="3" type="stmt"/>
          <line num="17" count="3" type="stmt"/>
        </file>
      </package>
      <package name="example.models">
        <metrics statements="0" coveredstatements="0" conditionals="0" coveredconditionals="0" methods="0" coveredmethods="0"/>
        <file name="index.js" path="/Users/zhouyk/workspace/glue-redux/example/models/index.js">
          <metrics statements="0" coveredstatements="0" conditionals="0" coveredconditionals="0" methods="0" coveredmethods="0"/>
        </file>
      </package>
      <package name="example.models.app">
        <metrics statements="4" coveredstatements="4" conditionals="0" coveredconditionals="0" methods="1" coveredmethods="1"/>
        <file name="model.js" path="/Users/zhouyk/workspace/glue-redux/example/models/app/model.js">
          <metrics statements="4" coveredstatements="4" conditionals="0" coveredconditionals="0" methods="1" coveredmethods="1"/>
          <line num="3" count="3" type="stmt"/>
          <line num="4" count="3" type="stmt"/>
          <line num="8" count="3" type="stmt"/>
          <line num="10" count="3" type="stmt"/>
        </file>
      </package>
      <package name="example.models.test">
        <metrics statements="1" coveredstatements="1" conditionals="0" coveredconditionals="0" methods="0" coveredmethods="0"/>
        <file name="model.js" path="/Users/zhouyk/workspace/glue-redux/example/models/test/model.js">
          <metrics statements="1" coveredstatements="1" conditionals="0" coveredconditionals="0" methods="0" coveredmethods="0"/>
          <line num="3" count="3" type="stmt"/>
        </file>
      </package>
      <package name="src">
        <metrics statements="175" coveredstatements="159" conditionals="78" coveredconditionals="62" methods="38" coveredmethods="35"/>
        <file name="constants.js" path="/Users/zhouyk/workspace/glue-redux/src/constants.js">
          <metrics statements="9" coveredstatements="9" conditionals="0" coveredconditionals="0" methods="0" coveredmethods="0"/>
          <line num="1" count="4" type="stmt"/>
          <line num="2" count="4" type="stmt"/>
          <line num="3" count="4" type="stmt"/>
          <line num="4" count="4" type="stmt"/>
          <line num="5" count="4" type="stmt"/>
          <line num="6" count="4" type="stmt"/>
          <line num="7" count="4" type="stmt"/>
          <line num="8" count="4" type="stmt"/>
          <line num="9" count="4" type="stmt"/>
        </file>
        <file name="degrade.js" path="/Users/zhouyk/workspace/glue-redux/src/degrade.js">
          <metrics statements="66" coveredstatements="57" conditionals="37" coveredconditionals="29" methods="9" coveredmethods="7"/>
          <line num="15" count="3" type="stmt"/>
          <line num="16" count="9" type="stmt"/>
          <line num="17" count="9" type="stmt"/>
          <line num="24" count="0" type="stmt"/>
          <line num="25" count="0" type="stmt"/>
          <line num="35" count="3" type="stmt"/>
          <line num="36" count="14" type="stmt"/>
          <line num="38" count="14" type="stmt"/>
          <line num="39" count="26" type="stmt"/>
          <line num="42" count="2" type="stmt"/>
          <line num="43" count="2" type="stmt"/>
          <line num="44" count="2" type="cond" truecount="1" falsecount="1"/>
          <line num="45" count="0" type="stmt"/>
          <line num="47" count="2" type="stmt"/>
          <line num="56" count="3" type="stmt"/>
          <line num="57" count="3" type="stmt"/>
          <line num="58" count="0" type="cond" truecount="0" falsecount="2"/>
          <line num="59" count="0" type="stmt"/>
          <line num="60" count="0" type="stmt"/>
          <line num="69" count="3" type="stmt"/>
          <line num="70" count="6" type="stmt"/>
          <line num="71" count="6" type="cond" truecount="3" falsecount="0"/>
          <line num="72" count="21" type="cond" truecount="1" falsecount="1"/>
          <line num="74" count="21" type="cond" truecount="4" falsecount="0"/>
          <line num="75" count="6" type="stmt"/>
          <line num="77" count="21" type="stmt"/>
          <line num="78" count="21" type="stmt"/>
          <line num="79" count="42" type="stmt"/>
          <line num="80" count="42" type="cond" truecount="4" falsecount="0"/>
          <line num="81" count="39" type="cond" truecount="1" falsecount="1"/>
          <line num="83" count="0" type="stmt"/>
          <line num="85" count="39" type="stmt"/>
          <line num="86" count="39" type="stmt"/>
          <line num="88" count="39" type="cond" truecount="2" falsecount="0"/>
          <line num="89" count="14" type="stmt"/>
          <line num="90" count="14" type="cond" truecount="2" falsecount="0"/>
          <line num="93" count="14" type="stmt"/>
          <line num="100" count="14" type="stmt"/>
          <line num="103" count="14" type="stmt"/>
          <line num="109" count="14" type="stmt"/>
          <line num="110" count="14" type="cond" truecount="2" falsecount="0"/>
          <line num="111" count="1" type="stmt"/>
          <line num="112" count="1" type="stmt"/>
          <line num="119" count="13" type="stmt"/>
          <line num="122" count="14" type="stmt"/>
          <line num="123" count="25" type="cond" truecount="2" falsecount="0"/>
          <line num="125" count="17" type="stmt"/>
          <line num="127" count="15" type="stmt"/>
          <line num="128" count="15" type="stmt"/>
          <line num="131" count="15" type="cond" truecount="4" falsecount="0"/>
          <line num="133" count="8" type="stmt"/>
          <line num="135" count="8" type="stmt"/>
          <line num="136" count="8" type="stmt"/>
          <line num="137" count="8" type="stmt"/>
          <line num="139" count="7" type="cond" truecount="1" falsecount="1"/>
          <line num="140" count="7" type="stmt"/>
          <line num="142" count="7" type="stmt"/>
          <line num="144" count="15" type="stmt"/>
          <line num="146" count="8" type="cond" truecount="1" falsecount="1"/>
          <line num="147" count="0" type="stmt"/>
          <line num="154" count="8" type="cond" truecount="1" falsecount="1"/>
          <line num="155" count="8" type="stmt"/>
          <line num="159" count="36" type="stmt"/>
          <line num="163" count="0" type="stmt"/>
          <line num="165" count="18" type="stmt"/>
          <line num="170" count="6" type="stmt"/>
        </file>
        <file name="genProxy.js" path="/Users/zhouyk/workspace/glue-redux/src/genProxy.js">
          <metrics statements="25" coveredstatements="23" conditionals="12" coveredconditionals="10" methods="7" coveredmethods="6"/>
          <line num="1" count="6" type="stmt"/>
          <line num="2" count="4" type="stmt"/>
          <line num="4" count="4" type="stmt"/>
          <line num="5" count="8" type="stmt"/>
          <line num="6" count="8" type="cond" truecount="3" falsecount="1"/>
          <line num="7" count="6" type="stmt"/>
          <line num="9" count="72" type="cond" truecount="2" falsecount="0"/>
          <line num="10" count="37" type="stmt"/>
          <line num="11" count="37" type="cond" truecount="2" falsecount="0"/>
          <line num="12" count="2" type="stmt"/>
          <line num="14" count="35" type="stmt"/>
          <line num="17" count="35" type="cond" truecount="1" falsecount="1"/>
          <line num="18" count="35" type="stmt"/>
          <line num="20" count="0" type="stmt"/>
          <line num="23" count="6" type="stmt"/>
          <line num="25" count="2" type="stmt"/>
          <line num="26" count="2" type="stmt"/>
          <line num="27" count="4" type="cond" truecount="2" falsecount="0"/>
          <line num="28" count="2" type="stmt"/>
          <line num="30" count="2" type="stmt"/>
          <line num="32" count="2" type="stmt"/>
          <line num="33" count="2" type="stmt"/>
          <line num="35" count="2" type="stmt"/>
          <line num="36" count="0" type="stmt"/>
          <line num="38" count="2" type="stmt"/>
        </file>
        <file name="getStateByModelReference.js" path="/Users/zhouyk/workspace/glue-redux/src/getStateByModelReference.js">
          <metrics statements="9" coveredstatements="9" conditionals="4" coveredconditionals="4" methods="3" coveredmethods="3"/>
          <line num="3" count="4" type="stmt"/>
          <line num="4" count="16" type="cond" truecount="2" falsecount="0"/>
          <line num="5" count="4" type="stmt"/>
          <line num="7" count="12" type="stmt"/>
          <line num="8" count="12" type="stmt"/>
          <line num="10" count="12" type="cond" truecount="2" falsecount="0"/>
          <line num="11" count="2" type="stmt"/>
          <line num="13" count="10" type="stmt"/>
          <line num="14" count="24" type="stmt"/>
        </file>
        <file name="getType.js" path="/Users/zhouyk/workspace/glue-redux/src/getType.js">
          <metrics statements="1" coveredstatements="1" conditionals="0" coveredconditionals="0" methods="1" coveredmethods="1"/>
          <line num="1" count="46" type="stmt"/>
        </file>
        <file name="glueAction.js" path="/Users/zhouyk/workspace/glue-redux/src/glueAction.js">
          <metrics statements="8" coveredstatements="8" conditionals="0" coveredconditionals="0" methods="2" coveredmethods="2"/>
          <line num="3" count="3" type="stmt"/>
          <line num="4" count="14" type="stmt"/>
          <line num="5" count="14" type="stmt"/>
          <line num="6" count="1" type="stmt"/>
          <line num="8" count="1" type="stmt"/>
          <line num="9" count="1" type="stmt"/>
          <line num="11" count="14" type="stmt"/>
          <line num="25" count="14" type="stmt"/>
        </file>
        <file name="gluer.js" path="/Users/zhouyk/workspace/glue-redux/src/gluer.js">
          <metrics statements="25" coveredstatements="21" conditionals="12" coveredconditionals="8" methods="6" coveredmethods="6"/>
          <line num="3" count="4" type="stmt"/>
          <line num="4" count="4" type="stmt"/>
          <line num="5" count="4" type="stmt"/>
          <line num="12" count="4" type="stmt"/>
          <line num="13" count="19" type="stmt"/>
          <line num="15" count="19" type="stmt"/>
          <line num="17" count="19" type="stmt"/>
          <line num="19" count="19" type="cond" truecount="2" falsecount="0"/>
          <line num="21" count="4" type="stmt"/>
          <line num="22" count="4" type="stmt"/>
          <line num="23" count="15" type="cond" truecount="2" falsecount="0"/>
          <line num="25" count="11" type="cond" truecount="1" falsecount="1"/>
          <line num="27" count="11" type="stmt"/>
          <line num="29" count="11" type="stmt"/>
          <line num="31" count="0" type="stmt"/>
          <line num="32" count="0" type="stmt"/>
          <line num="35" count="4" type="cond" truecount="2" falsecount="0"/>
          <line num="36" count="1" type="stmt"/>
          <line num="38" count="3" type="stmt"/>
          <line num="39" count="3" type="cond" truecount="1" falsecount="1"/>
          <line num="40" count="0" type="cond" truecount="0" falsecount="2"/>
          <line num="41" count="0" type="stmt"/>
          <line num="47" count="18" type="stmt"/>
          <line num="52" count="18" type="stmt"/>
          <line num="58" count="18" type="stmt"/>
        </file>
        <file name="index.js" path="/Users/zhouyk/workspace/glue-redux/src/index.js">
          <metrics statements="32" coveredstatements="31" conditionals="13" coveredconditionals="11" methods="10" coveredmethods="10"/>
          <line num="15" count="3" type="stmt"/>
          <line num="17" count="6" type="stmt"/>
          <line num="18" count="21" type="cond" truecount="2" falsecount="0"/>
          <line num="19" count="12" type="stmt"/>
          <line num="28" count="4" type="stmt"/>
          <line num="30" count="11" type="stmt"/>
          <line num="33" count="11" type="cond" truecount="2" falsecount="0"/>
          <line num="35" count="20" type="stmt"/>
          <line num="36" count="7" type="stmt"/>
          <line num="37" count="7" type="cond" truecount="2" falsecount="0"/>
          <line num="38" count="1" type="stmt"/>
          <line num="39" count="6" type="cond" truecount="1" falsecount="1"/>
          <line num="41" count="6" type="stmt"/>
          <line num="42" count="6" type="stmt"/>
          <line num="45" count="7" type="cond" truecount="1" falsecount="0"/>
          <line num="46" count="20" type="stmt"/>
          <line num="51" count="20" type="stmt"/>
          <line num="52" count="20" type="cond" truecount="2" falsecount="0"/>
          <line num="54" count="1" type="stmt"/>
          <line num="57" count="19" type="stmt"/>
          <line num="59" count="4" type="cond" truecount="1" falsecount="1"/>
          <line num="61" count="0" type="stmt"/>
          <line num="63" count="10" type="stmt"/>
          <line num="65" count="11" type="stmt"/>
          <line num="73" count="6" type="stmt"/>
          <line num="74" count="6" type="stmt"/>
          <line num="75" count="6" type="stmt"/>
          <line num="77" count="4" type="stmt"/>
          <line num="79" count="4" type="stmt"/>
          <line num="80" count="4" type="stmt"/>
          <line num="81" count="7" type="stmt"/>
          <line num="82" count="4" type="stmt"/>
        </file>
      </package>
      <package name="src.validate">
        <metrics statements="5" coveredstatements="5" conditionals="0" coveredconditionals="0" methods="1" coveredmethods="1"/>
        <file name="inOperatorValidate.js" path="/Users/zhouyk/workspace/glue-redux/src/validate/inOperatorValidate.js">
          <metrics statements="5" coveredstatements="5" conditionals="0" coveredconditionals="0" methods="1" coveredmethods="1"/>
          <line num="1" count="3" type="stmt"/>
          <line num="3" count="11" type="stmt"/>
          <line num="5" count="11" type="stmt"/>
          <line num="7" count="1" type="stmt"/>
          <line num="9" count="11" type="stmt"/>
        </file>
      </package>
      <package name="test">
        <metrics statements="1" coveredstatements="1" conditionals="0" coveredconditionals="0" methods="0" coveredmethods="0"/>
        <file name="constants.js" path="/Users/zhouyk/workspace/glue-redux/test/constants.js">
          <metrics statements="1" coveredstatements="1" conditionals="0" coveredconditionals="0" methods="0" coveredmethods="0"/>
          <line num="1" count="2" type="stmt"/>
        </file>
      </package>
    </metrics>
  </project>
</coverage>
