{"/Users/zhouyk/workspace/glue-redux/example/DevTool.jsx": {"path":"/Users/zhouyk/workspace/glue-redux/example/DevTool.jsx","statementMap":{"0":{"start":{"line":10,"column":16},"end":{"line":24,"column":1}},"1":{"start":{"line":10,"column":22},"end":{"line":24,"column":1}}},"fnMap":{"0":{"name":"(anonymous_0)","decl":{"start":{"line":10,"column":16},"end":{"line":10,"column":17}},"loc":{"start":{"line":10,"column":22},"end":{"line":24,"column":1}},"line":10}},"branchMap":{},"s":{"0":3,"1":3},"f":{"0":3},"b":{},"_coverageSchema":"332fd63041d2c1bcb487cc26dd0d5f7d97098a6c","hash":"01dd74da9efcd0ad0092031ac4257d53ce23aa77"}
,"/Users/zhouyk/workspace/glue-redux/example/store.js": {"path":"/Users/zhouyk/workspace/glue-redux/example/store.js","statementMap":{"0":{"start":{"line":8,"column":14},"end":{"line":8,"column":63}},"1":{"start":{"line":9,"column":19},"end":{"line":15,"column":1}},"2":{"start":{"line":16,"column":45},"end":{"line":16,"column":72}},"3":{"start":{"line":17,"column":0},"end":{"line":17,"column":48}}},"fnMap":{"0":{"name":"(anonymous_0)","decl":{"start":{"line":8,"column":26},"end":{"line":8,"column":27}},"loc":{"start":{"line":8,"column":32},"end":{"line":8,"column":34}},"line":8}},"branchMap":{},"s":{"0":3,"1":3,"2":3,"3":3},"f":{"0":3},"b":{},"_coverageSchema":"332fd63041d2c1bcb487cc26dd0d5f7d97098a6c","hash":"f799d100c7fb069da5baf04607bc680e09c1f2b2"}
,"/Users/zhouyk/workspace/glue-redux/example/models/index.js": {"path":"/Users/zhouyk/workspace/glue-redux/example/models/index.js","statementMap":{},"fnMap":{},"branchMap":{},"s":{},"f":{},"b":{},"_coverageSchema":"332fd63041d2c1bcb487cc26dd0d5f7d97098a6c","hash":"6b943436c69cb3964ea42c04d5f6c6b65fbce283"}
,"/Users/zhouyk/workspace/glue-redux/example/models/app/model.js": {"path":"/Users/zhouyk/workspace/glue-redux/example/models/app/model.js","statementMap":{"0":{"start":{"line":3,"column":14},"end":{"line":3,"column":58}},"1":{"start":{"line":3,"column":37},"end":{"line":3,"column":53}},"2":{"start":{"line":4,"column":16},"end":{"line":6,"column":1}},"3":{"start":{"line":8,"column":16},"end":{"line":8,"column":25}},"4":{"start":{"line":10,"column":12},"end":{"line":14,"column":1}}},"fnMap":{"0":{"name":"(anonymous_0)","decl":{"start":{"line":3,"column":20},"end":{"line":3,"column":21}},"loc":{"start":{"line":3,"column":37},"end":{"line":3,"column":53}},"line":3}},"branchMap":{},"s":{"0":3,"1":1,"2":3,"3":3,"4":3},"f":{"0":1},"b":{},"_coverageSchema":"332fd63041d2c1bcb487cc26dd0d5f7d97098a6c","hash":"8a5c130d8724ae75201b66367473db9a6e03e9d1"}
,"/Users/zhouyk/workspace/glue-redux/example/models/test/model.js": {"path":"/Users/zhouyk/workspace/glue-redux/example/models/test/model.js","statementMap":{"0":{"start":{"line":3,"column":13},"end":{"line":3,"column":28}}},"fnMap":{},"branchMap":{},"s":{"0":3},"f":{},"b":{},"_coverageSchema":"332fd63041d2c1bcb487cc26dd0d5f7d97098a6c","hash":"c5d3b084ba41cac9cdcac98b3c1d129e2274c0e0"}
,"/Users/zhouyk/workspace/glue-redux/src/constants.js": {"path":"/Users/zhouyk/workspace/glue-redux/src/constants.js","statementMap":{"0":{"start":{"line":1,"column":33},"end":{"line":1,"column":36}},"1":{"start":{"line":2,"column":36},"end":{"line":2,"column":66}},"2":{"start":{"line":3,"column":34},"end":{"line":3,"column":62}},"3":{"start":{"line":4,"column":32},"end":{"line":4,"column":58}},"4":{"start":{"line":5,"column":37},"end":{"line":5,"column":68}},"5":{"start":{"line":6,"column":31},"end":{"line":6,"column":68}},"6":{"start":{"line":7,"column":33},"end":{"line":7,"column":42}},"7":{"start":{"line":8,"column":26},"end":{"line":8,"column":38}},"8":{"start":{"line":9,"column":27},"end":{"line":9,"column":40}}},"fnMap":{},"branchMap":{},"s":{"0":4,"1":4,"2":4,"3":4,"4":4,"5":4,"6":4,"7":4,"8":4},"f":{},"b":{},"_coverageSchema":"332fd63041d2c1bcb487cc26dd0d5f7d97098a6c","hash":"1118b0628eff598371989c3684f62a2daa8be3d5"}
,"/Users/zhouyk/workspace/glue-redux/src/degrade.js": {"path":"/Users/zhouyk/workspace/glue-redux/src/degrade.js","statementMap":{"0":{"start":{"line":15,"column":34},"end":{"line":27,"column":1}},"1":{"start":{"line":16,"column":2},"end":{"line":26,"column":3}},"2":{"start":{"line":17,"column":4},"end":{"line":22,"column":7}},"3":{"start":{"line":24,"column":4},"end":{"line":24,"column":20}},"4":{"start":{"line":25,"column":4},"end":{"line":25,"column":79}},"5":{"start":{"line":35,"column":34},"end":{"line":49,"column":1}},"6":{"start":{"line":36,"column":15},"end":{"line":36,"column":41}},"7":{"start":{"line":38,"column":2},"end":{"line":38,"column":15}},"8":{"start":{"line":39,"column":2},"end":{"line":48,"column":11}},"9":{"start":{"line":39,"column":40},"end":{"line":48,"column":3}},"10":{"start":{"line":42,"column":21},"end":{"line":42,"column":31}},"11":{"start":{"line":43,"column":17},"end":{"line":43,"column":34}},"12":{"start":{"line":44,"column":4},"end":{"line":46,"column":5}},"13":{"start":{"line":45,"column":6},"end":{"line":45,"column":19}},"14":{"start":{"line":47,"column":4},"end":{"line":47,"column":37}},"15":{"start":{"line":56,"column":21},"end":{"line":56,"column":87}},"16":{"start":{"line":56,"column":34},"end":{"line":56,"column":86}},"17":{"start":{"line":57,"column":20},"end":{"line":62,"column":1}},"18":{"start":{"line":58,"column":2},"end":{"line":61,"column":3}},"19":{"start":{"line":59,"column":4},"end":{"line":59,"column":20}},"20":{"start":{"line":60,"column":4},"end":{"line":60,"column":107}},"21":{"start":{"line":69,"column":16},"end":{"line":171,"column":1}},"22":{"start":{"line":70,"column":24},"end":{"line":70,"column":42}},"23":{"start":{"line":71,"column":13},"end":{"line":169,"column":3}},"24":{"start":{"line":72,"column":4},"end":{"line":164,"column":5}},"25":{"start":{"line":74,"column":6},"end":{"line":76,"column":7}},"26":{"start":{"line":75,"column":8},"end":{"line":75,"column":38}},"27":{"start":{"line":77,"column":19},"end":{"line":77,"column":38}},"28":{"start":{"line":78,"column":6},"end":{"line":161,"column":9}},"29":{"start":{"line":79,"column":22},"end":{"line":79,"column":33}},"30":{"start":{"line":80,"column":8},"end":{"line":160,"column":9}},"31":{"start":{"line":81,"column":10},"end":{"line":84,"column":11}},"32":{"start":{"line":83,"column":12},"end":{"line":83,"column":44}},"33":{"start":{"line":85,"column":10},"end":{"line":85,"column":27}},"34":{"start":{"line":86,"column":22},"end":{"line":86,"column":52}},"35":{"start":{"line":88,"column":10},"end":{"line":157,"column":11}},"36":{"start":{"line":89,"column":61},"end":{"line":89,"column":68}},"37":{"start":{"line":90,"column":35},"end":{"line":90,"column":83}},"38":{"start":{"line":93,"column":27},"end":{"line":97,"column":14}},"39":{"start":{"line":100,"column":12},"end":{"line":100,"column":33}},"40":{"start":{"line":103,"column":12},"end":{"line":103,"column":32}},"41":{"start":{"line":109,"column":32},"end":{"line":109,"column":71}},"42":{"start":{"line":110,"column":12},"end":{"line":120,"column":13}},"43":{"start":{"line":111,"column":14},"end":{"line":111,"column":59}},"44":{"start":{"line":112,"column":14},"end":{"line":117,"column":17}},"45":{"start":{"line":119,"column":14},"end":{"line":119,"column":52}},"46":{"start":{"line":122,"column":12},"end":{"line":122,"column":43}},"47":{"start":{"line":123,"column":17},"end":{"line":157,"column":11}},"48":{"start":{"line":125,"column":12},"end":{"line":125,"column":42}},"49":{"start":{"line":127,"column":20},"end":{"line":127,"column":27}},"50":{"start":{"line":128,"column":26},"end":{"line":128,"column":28}},"51":{"start":{"line":131,"column":12},"end":{"line":143,"column":13}},"52":{"start":{"line":133,"column":14},"end":{"line":133,"column":24}},"53":{"start":{"line":135,"column":14},"end":{"line":135,"column":27}},"54":{"start":{"line":136,"column":14},"end":{"line":136,"column":52}},"55":{"start":{"line":137,"column":14},"end":{"line":137,"column":41}},"56":{"start":{"line":139,"column":14},"end":{"line":141,"column":15}},"57":{"start":{"line":140,"column":16},"end":{"line":140,"column":34}},"58":{"start":{"line":142,"column":14},"end":{"line":142,"column":46}},"59":{"start":{"line":144,"column":12},"end":{"line":144,"column":56}},"60":{"start":{"line":146,"column":12},"end":{"line":148,"column":13}},"61":{"start":{"line":147,"column":14},"end":{"line":147,"column":289}},"62":{"start":{"line":154,"column":12},"end":{"line":156,"column":13}},"63":{"start":{"line":155,"column":14},"end":{"line":155,"column":30}},"64":{"start":{"line":159,"column":10},"end":{"line":159,"column":23}},"65":{"start":{"line":163,"column":6},"end":{"line":163,"column":60}},"66":{"start":{"line":165,"column":4},"end":{"line":168,"column":6}},"67":{"start":{"line":170,"column":2},"end":{"line":170,"column":12}}},"fnMap":{"0":{"name":"(anonymous_0)","decl":{"start":{"line":15,"column":34},"end":{"line":15,"column":35}},"loc":{"start":{"line":15,"column":61},"end":{"line":27,"column":1}},"line":15},"1":{"name":"(anonymous_1)","decl":{"start":{"line":35,"column":34},"end":{"line":35,"column":35}},"loc":{"start":{"line":35,"column":47},"end":{"line":49,"column":1}},"line":35},"2":{"name":"(anonymous_2)","decl":{"start":{"line":39,"column":26},"end":{"line":39,"column":27}},"loc":{"start":{"line":39,"column":40},"end":{"line":48,"column":3}},"line":39},"3":{"name":"(anonymous_3)","decl":{"start":{"line":39,"column":40},"end":{"line":39,"column":41}},"loc":{"start":{"line":39,"column":55},"end":{"line":48,"column":3}},"line":39},"4":{"name":"(anonymous_4)","decl":{"start":{"line":56,"column":21},"end":{"line":56,"column":22}},"loc":{"start":{"line":56,"column":34},"end":{"line":56,"column":86}},"line":56},"5":{"name":"(anonymous_5)","decl":{"start":{"line":57,"column":20},"end":{"line":57,"column":21}},"loc":{"start":{"line":57,"column":44},"end":{"line":62,"column":1}},"line":57},"6":{"name":"(anonymous_6)","decl":{"start":{"line":69,"column":16},"end":{"line":69,"column":17}},"loc":{"start":{"line":69,"column":30},"end":{"line":171,"column":1}},"line":69},"7":{"name":"(anonymous_7)","decl":{"start":{"line":71,"column":13},"end":{"line":71,"column":14}},"loc":{"start":{"line":71,"column":65},"end":{"line":169,"column":3}},"line":71},"8":{"name":"(anonymous_8)","decl":{"start":{"line":78,"column":19},"end":{"line":78,"column":20}},"loc":{"start":{"line":78,"column":28},"end":{"line":161,"column":7}},"line":78}},"branchMap":{"0":{"loc":{"start":{"line":44,"column":4},"end":{"line":46,"column":5}},"type":"if","locations":[{"start":{"line":44,"column":4},"end":{"line":46,"column":5}},{"start":{"line":44,"column":4},"end":{"line":46,"column":5}}],"line":44},"1":{"loc":{"start":{"line":58,"column":2},"end":{"line":61,"column":3}},"type":"if","locations":[{"start":{"line":58,"column":2},"end":{"line":61,"column":3}},{"start":{"line":58,"column":2},"end":{"line":61,"column":3}}],"line":58},"2":{"loc":{"start":{"line":71,"column":22},"end":{"line":71,"column":33}},"type":"default-arg","locations":[{"start":{"line":71,"column":31},"end":{"line":71,"column":33}}],"line":71},"3":{"loc":{"start":{"line":71,"column":35},"end":{"line":71,"column":51}},"type":"default-arg","locations":[{"start":{"line":71,"column":45},"end":{"line":71,"column":51}}],"line":71},"4":{"loc":{"start":{"line":71,"column":53},"end":{"line":71,"column":60}},"type":"default-arg","locations":[{"start":{"line":71,"column":58},"end":{"line":71,"column":60}}],"line":71},"5":{"loc":{"start":{"line":72,"column":4},"end":{"line":164,"column":5}},"type":"if","locations":[{"start":{"line":72,"column":4},"end":{"line":164,"column":5}},{"start":{"line":72,"column":4},"end":{"line":164,"column":5}}],"line":72},"6":{"loc":{"start":{"line":74,"column":6},"end":{"line":76,"column":7}},"type":"if","locations":[{"start":{"line":74,"column":6},"end":{"line":76,"column":7}},{"start":{"line":74,"column":6},"end":{"line":76,"column":7}}],"line":74},"7":{"loc":{"start":{"line":74,"column":10},"end":{"line":74,"column":51}},"type":"binary-expr","locations":[{"start":{"line":74,"column":10},"end":{"line":74,"column":28}},{"start":{"line":74,"column":32},"end":{"line":74,"column":51}}],"line":74},"8":{"loc":{"start":{"line":80,"column":8},"end":{"line":160,"column":9}},"type":"if","locations":[{"start":{"line":80,"column":8},"end":{"line":160,"column":9}},{"start":{"line":80,"column":8},"end":{"line":160,"column":9}}],"line":80},"9":{"loc":{"start":{"line":80,"column":12},"end":{"line":80,"column":67}},"type":"binary-expr","locations":[{"start":{"line":80,"column":12},"end":{"line":80,"column":40}},{"start":{"line":80,"column":44},"end":{"line":80,"column":67}}],"line":80},"10":{"loc":{"start":{"line":81,"column":10},"end":{"line":84,"column":11}},"type":"if","locations":[{"start":{"line":81,"column":10},"end":{"line":84,"column":11}},{"start":{"line":81,"column":10},"end":{"line":84,"column":11}}],"line":81},"11":{"loc":{"start":{"line":88,"column":10},"end":{"line":157,"column":11}},"type":"if","locations":[{"start":{"line":88,"column":10},"end":{"line":157,"column":11}},{"start":{"line":88,"column":10},"end":{"line":157,"column":11}}],"line":88},"12":{"loc":{"start":{"line":90,"column":35},"end":{"line":90,"column":83}},"type":"cond-expr","locations":[{"start":{"line":90,"column":49},"end":{"line":90,"column":77}},{"start":{"line":90,"column":80},"end":{"line":90,"column":83}}],"line":90},"13":{"loc":{"start":{"line":110,"column":12},"end":{"line":120,"column":13}},"type":"if","locations":[{"start":{"line":110,"column":12},"end":{"line":120,"column":13}},{"start":{"line":110,"column":12},"end":{"line":120,"column":13}}],"line":110},"14":{"loc":{"start":{"line":123,"column":17},"end":{"line":157,"column":11}},"type":"if","locations":[{"start":{"line":123,"column":17},"end":{"line":157,"column":11}},{"start":{"line":123,"column":17},"end":{"line":157,"column":11}}],"line":123},"15":{"loc":{"start":{"line":131,"column":12},"end":{"line":143,"column":13}},"type":"if","locations":[{"start":{"line":131,"column":12},"end":{"line":143,"column":13}},{"start":{"line":131,"column":12},"end":{"line":143,"column":13}}],"line":131},"16":{"loc":{"start":{"line":131,"column":16},"end":{"line":131,"column":51}},"type":"binary-expr","locations":[{"start":{"line":131,"column":16},"end":{"line":131,"column":28}},{"start":{"line":131,"column":32},"end":{"line":131,"column":51}}],"line":131},"17":{"loc":{"start":{"line":139,"column":14},"end":{"line":141,"column":15}},"type":"if","locations":[{"start":{"line":139,"column":14},"end":{"line":141,"column":15}},{"start":{"line":139,"column":14},"end":{"line":141,"column":15}}],"line":139},"18":{"loc":{"start":{"line":146,"column":12},"end":{"line":148,"column":13}},"type":"if","locations":[{"start":{"line":146,"column":12},"end":{"line":148,"column":13}},{"start":{"line":146,"column":12},"end":{"line":148,"column":13}}],"line":146},"19":{"loc":{"start":{"line":154,"column":12},"end":{"line":156,"column":13}},"type":"if","locations":[{"start":{"line":154,"column":12},"end":{"line":156,"column":13}},{"start":{"line":154,"column":12},"end":{"line":156,"column":13}}],"line":154}},"s":{"0":3,"1":9,"2":9,"3":0,"4":0,"5":3,"6":14,"7":14,"8":14,"9":26,"10":2,"11":2,"12":2,"13":0,"14":2,"15":3,"16":0,"17":3,"18":0,"19":0,"20":0,"21":3,"22":6,"23":6,"24":21,"25":21,"26":6,"27":21,"28":21,"29":42,"30":42,"31":39,"32":0,"33":39,"34":39,"35":39,"36":14,"37":14,"38":14,"39":14,"40":14,"41":14,"42":14,"43":1,"44":1,"45":13,"46":14,"47":25,"48":17,"49":15,"50":15,"51":15,"52":8,"53":8,"54":8,"55":8,"56":7,"57":7,"58":7,"59":15,"60":8,"61":0,"62":8,"63":8,"64":36,"65":0,"66":18,"67":6},"f":{"0":9,"1":14,"2":26,"3":2,"4":0,"5":0,"6":6,"7":21,"8":42},"b":{"0":[0,2],"1":[0,0],"2":[6],"3":[6],"4":[6],"5":[21,0],"6":[6,15],"7":[21,14],"8":[39,3],"9":[42,39],"10":[0,39],"11":[14,25],"12":[1,13],"13":[1,13],"14":[17,8],"15":[8,7],"16":[15,12],"17":[7,0],"18":[0,8],"19":[8,0]},"_coverageSchema":"332fd63041d2c1bcb487cc26dd0d5f7d97098a6c","hash":"dbd23d9780953999599421b02b92eea2496d4db9"}
,"/Users/zhouyk/workspace/glue-redux/src/genProxy.js": {"path":"/Users/zhouyk/workspace/glue-redux/src/genProxy.js","statementMap":{"0":{"start":{"line":1,"column":17},"end":{"line":1,"column":58}},"1":{"start":{"line":1,"column":35},"end":{"line":1,"column":58}},"2":{"start":{"line":2,"column":18},"end":{"line":2,"column":181}},"3":{"start":{"line":2,"column":34},"end":{"line":2,"column":181}},"4":{"start":{"line":4,"column":32},"end":{"line":39,"column":1}},"5":{"start":{"line":5,"column":14},"end":{"line":5,"column":23}},"6":{"start":{"line":6,"column":2},"end":{"line":24,"column":3}},"7":{"start":{"line":7,"column":20},"end":{"line":22,"column":5}},"8":{"start":{"line":9,"column":8},"end":{"line":16,"column":9}},"9":{"start":{"line":10,"column":10},"end":{"line":15,"column":12}},"10":{"start":{"line":11,"column":12},"end":{"line":13,"column":13}},"11":{"start":{"line":12,"column":14},"end":{"line":12,"column":53}},"12":{"start":{"line":14,"column":12},"end":{"line":14,"column":42}},"13":{"start":{"line":17,"column":8},"end":{"line":19,"column":9}},"14":{"start":{"line":18,"column":10},"end":{"line":18,"column":43}},"15":{"start":{"line":20,"column":8},"end":{"line":20,"column":28}},"16":{"start":{"line":23,"column":4},"end":{"line":23,"column":34}},"17":{"start":{"line":25,"column":18},"end":{"line":25,"column":20}},"18":{"start":{"line":26,"column":2},"end":{"line":31,"column":4}},"19":{"start":{"line":27,"column":4},"end":{"line":29,"column":5}},"20":{"start":{"line":28,"column":6},"end":{"line":28,"column":45}},"21":{"start":{"line":30,"column":4},"end":{"line":30,"column":31}},"22":{"start":{"line":32,"column":2},"end":{"line":34,"column":4}},"23":{"start":{"line":33,"column":4},"end":{"line":33,"column":24}},"24":{"start":{"line":35,"column":2},"end":{"line":37,"column":4}},"25":{"start":{"line":36,"column":4},"end":{"line":36,"column":24}},"26":{"start":{"line":38,"column":2},"end":{"line":38,"column":17}}},"fnMap":{"0":{"name":"(anonymous_0)","decl":{"start":{"line":1,"column":17},"end":{"line":1,"column":18}},"loc":{"start":{"line":1,"column":35},"end":{"line":1,"column":58}},"line":1},"1":{"name":"(anonymous_1)","decl":{"start":{"line":2,"column":18},"end":{"line":2,"column":19}},"loc":{"start":{"line":2,"column":34},"end":{"line":2,"column":181}},"line":2},"2":{"name":"(anonymous_2)","decl":{"start":{"line":4,"column":32},"end":{"line":4,"column":33}},"loc":{"start":{"line":4,"column":38},"end":{"line":39,"column":1}},"line":4},"3":{"name":"set","decl":{"start":{"line":10,"column":26},"end":{"line":10,"column":29}},"loc":{"start":{"line":10,"column":42},"end":{"line":15,"column":11}},"line":10},"4":{"name":"(anonymous_4)","decl":{"start":{"line":26,"column":16},"end":{"line":26,"column":17}},"loc":{"start":{"line":26,"column":38},"end":{"line":31,"column":3}},"line":26},"5":{"name":"(anonymous_5)","decl":{"start":{"line":32,"column":16},"end":{"line":32,"column":17}},"loc":{"start":{"line":32,"column":31},"end":{"line":34,"column":3}},"line":32},"6":{"name":"(anonymous_6)","decl":{"start":{"line":35,"column":16},"end":{"line":35,"column":17}},"loc":{"start":{"line":35,"column":31},"end":{"line":37,"column":3}},"line":35}},"branchMap":{"0":{"loc":{"start":{"line":6,"column":2},"end":{"line":24,"column":3}},"type":"if","locations":[{"start":{"line":6,"column":2},"end":{"line":24,"column":3}},{"start":{"line":6,"column":2},"end":{"line":24,"column":3}}],"line":6},"1":{"loc":{"start":{"line":6,"column":7},"end":{"line":6,"column":23}},"type":"binary-expr","locations":[{"start":{"line":6,"column":7},"end":{"line":6,"column":13}},{"start":{"line":6,"column":17},"end":{"line":6,"column":23}}],"line":6},"2":{"loc":{"start":{"line":9,"column":8},"end":{"line":16,"column":9}},"type":"if","locations":[{"start":{"line":9,"column":8},"end":{"line":16,"column":9}},{"start":{"line":9,"column":8},"end":{"line":16,"column":9}}],"line":9},"3":{"loc":{"start":{"line":11,"column":12},"end":{"line":13,"column":13}},"type":"if","locations":[{"start":{"line":11,"column":12},"end":{"line":13,"column":13}},{"start":{"line":11,"column":12},"end":{"line":13,"column":13}}],"line":11},"4":{"loc":{"start":{"line":17,"column":8},"end":{"line":19,"column":9}},"type":"if","locations":[{"start":{"line":17,"column":8},"end":{"line":19,"column":9}},{"start":{"line":17,"column":8},"end":{"line":19,"column":9}}],"line":17},"5":{"loc":{"start":{"line":27,"column":4},"end":{"line":29,"column":5}},"type":"if","locations":[{"start":{"line":27,"column":4},"end":{"line":29,"column":5}},{"start":{"line":27,"column":4},"end":{"line":29,"column":5}}],"line":27}},"s":{"0":4,"1":6,"2":4,"3":4,"4":4,"5":8,"6":8,"7":6,"8":72,"9":37,"10":37,"11":2,"12":35,"13":35,"14":35,"15":0,"16":6,"17":2,"18":2,"19":4,"20":2,"21":2,"22":2,"23":2,"24":2,"25":0,"26":2},"f":{"0":6,"1":4,"2":8,"3":37,"4":4,"5":2,"6":0},"b":{"0":[6,2],"1":[8,0],"2":[37,35],"3":[2,35],"4":[35,0],"5":[2,2]},"_coverageSchema":"332fd63041d2c1bcb487cc26dd0d5f7d97098a6c","hash":"420d59bc9872ea7bee17d19b6e527dbae0c6aa97"}
,"/Users/zhouyk/workspace/glue-redux/src/getStateByModelReference.js": {"path":"/Users/zhouyk/workspace/glue-redux/src/getStateByModelReference.js","statementMap":{"0":{"start":{"line":3,"column":33},"end":{"line":15,"column":1}},"1":{"start":{"line":3,"column":62},"end":{"line":15,"column":1}},"2":{"start":{"line":4,"column":2},"end":{"line":6,"column":3}},"3":{"start":{"line":5,"column":4},"end":{"line":5,"column":21}},"4":{"start":{"line":7,"column":18},"end":{"line":7,"column":42}},"5":{"start":{"line":8,"column":23},"end":{"line":8,"column":33}},"6":{"start":{"line":10,"column":2},"end":{"line":12,"column":3}},"7":{"start":{"line":11,"column":4},"end":{"line":11,"column":24}},"8":{"start":{"line":13,"column":15},"end":{"line":13,"column":47}},"9":{"start":{"line":14,"column":2},"end":{"line":14,"column":59}},"10":{"start":{"line":14,"column":35},"end":{"line":14,"column":43}}},"fnMap":{"0":{"name":"(anonymous_0)","decl":{"start":{"line":3,"column":33},"end":{"line":3,"column":34}},"loc":{"start":{"line":3,"column":62},"end":{"line":15,"column":1}},"line":3},"1":{"name":"(anonymous_1)","decl":{"start":{"line":3,"column":62},"end":{"line":3,"column":63}},"loc":{"start":{"line":3,"column":73},"end":{"line":15,"column":1}},"line":3},"2":{"name":"(anonymous_2)","decl":{"start":{"line":14,"column":21},"end":{"line":14,"column":22}},"loc":{"start":{"line":14,"column":35},"end":{"line":14,"column":43}},"line":14}},"branchMap":{"0":{"loc":{"start":{"line":4,"column":2},"end":{"line":6,"column":3}},"type":"if","locations":[{"start":{"line":4,"column":2},"end":{"line":6,"column":3}},{"start":{"line":4,"column":2},"end":{"line":6,"column":3}}],"line":4},"1":{"loc":{"start":{"line":10,"column":2},"end":{"line":12,"column":3}},"type":"if","locations":[{"start":{"line":10,"column":2},"end":{"line":12,"column":3}},{"start":{"line":10,"column":2},"end":{"line":12,"column":3}}],"line":10}},"s":{"0":3,"1":4,"2":16,"3":4,"4":12,"5":12,"6":12,"7":2,"8":10,"9":10,"10":24},"f":{"0":4,"1":16,"2":24},"b":{"0":[4,12],"1":[2,10]},"_coverageSchema":"332fd63041d2c1bcb487cc26dd0d5f7d97098a6c","hash":"7084b76c6294d4cb646f494d4ff4b5e97b3bdae9"}
,"/Users/zhouyk/workspace/glue-redux/src/getType.js": {"path":"/Users/zhouyk/workspace/glue-redux/src/getType.js","statementMap":{"0":{"start":{"line":1,"column":23},"end":{"line":1,"column":65}},"1":{"start":{"line":1,"column":30},"end":{"line":1,"column":65}}},"fnMap":{"0":{"name":"(anonymous_0)","decl":{"start":{"line":1,"column":23},"end":{"line":1,"column":24}},"loc":{"start":{"line":1,"column":30},"end":{"line":1,"column":65}},"line":1}},"branchMap":{},"s":{"0":3,"1":46},"f":{"0":46},"b":{},"_coverageSchema":"332fd63041d2c1bcb487cc26dd0d5f7d97098a6c","hash":"ce43334625dd1fd110e720a808d3323887a156f2"}
,"/Users/zhouyk/workspace/glue-redux/src/glueAction.js": {"path":"/Users/zhouyk/workspace/glue-redux/src/glueAction.js","statementMap":{"0":{"start":{"line":3,"column":26},"end":{"line":26,"column":1}},"1":{"start":{"line":4,"column":37},"end":{"line":4,"column":43}},"2":{"start":{"line":5,"column":25},"end":{"line":10,"column":3}},"3":{"start":{"line":6,"column":25},"end":{"line":6,"column":40}},"4":{"start":{"line":8,"column":4},"end":{"line":8,"column":43}},"5":{"start":{"line":9,"column":4},"end":{"line":9,"column":24}},"6":{"start":{"line":11,"column":2},"end":{"line":24,"column":5}},"7":{"start":{"line":25,"column":2},"end":{"line":25,"column":24}}},"fnMap":{"0":{"name":"(anonymous_0)","decl":{"start":{"line":3,"column":26},"end":{"line":3,"column":27}},"loc":{"start":{"line":3,"column":38},"end":{"line":26,"column":1}},"line":3},"1":{"name":"(anonymous_1)","decl":{"start":{"line":5,"column":25},"end":{"line":5,"column":26}},"loc":{"start":{"line":5,"column":44},"end":{"line":10,"column":3}},"line":5}},"branchMap":{},"s":{"0":3,"1":14,"2":14,"3":1,"4":1,"5":1,"6":14,"7":14},"f":{"0":14,"1":1},"b":{},"_coverageSchema":"332fd63041d2c1bcb487cc26dd0d5f7d97098a6c","hash":"e0b5fc2998d69333ff9d2c7e6ba98d8bca18e750"}
,"/Users/zhouyk/workspace/glue-redux/src/gluer.js": {"path":"/Users/zhouyk/workspace/glue-redux/src/gluer.js","statementMap":{"0":{"start":{"line":3,"column":23},"end":{"line":3,"column":53}},"1":{"start":{"line":3,"column":42},"end":{"line":3,"column":53}},"2":{"start":{"line":4,"column":19},"end":{"line":4,"column":66}},"3":{"start":{"line":4,"column":25},"end":{"line":4,"column":66}},"4":{"start":{"line":4,"column":44},"end":{"line":4,"column":66}},"5":{"start":{"line":5,"column":16},"end":{"line":5,"column":56}},"6":{"start":{"line":12,"column":14},"end":{"line":59,"column":1}},"7":{"start":{"line":13,"column":29},"end":{"line":13,"column":33}},"8":{"start":{"line":15,"column":24},"end":{"line":15,"column":36}},"9":{"start":{"line":15,"column":32},"end":{"line":15,"column":36}},"10":{"start":{"line":17,"column":16},"end":{"line":17,"column":28}},"11":{"start":{"line":19,"column":2},"end":{"line":44,"column":3}},"12":{"start":{"line":21,"column":4},"end":{"line":21,"column":32}},"13":{"start":{"line":22,"column":4},"end":{"line":22,"column":26}},"14":{"start":{"line":23,"column":9},"end":{"line":44,"column":3}},"15":{"start":{"line":25,"column":4},"end":{"line":33,"column":5}},"16":{"start":{"line":27,"column":6},"end":{"line":27,"column":34}},"17":{"start":{"line":29,"column":6},"end":{"line":29,"column":19}},"18":{"start":{"line":31,"column":6},"end":{"line":31,"column":34}},"19":{"start":{"line":32,"column":6},"end":{"line":32,"column":28}},"20":{"start":{"line":35,"column":4},"end":{"line":37,"column":5}},"21":{"start":{"line":36,"column":6},"end":{"line":36,"column":57}},"22":{"start":{"line":38,"column":4},"end":{"line":38,"column":32}},"23":{"start":{"line":39,"column":4},"end":{"line":43,"column":5}},"24":{"start":{"line":40,"column":6},"end":{"line":42,"column":7}},"25":{"start":{"line":41,"column":8},"end":{"line":41,"column":30}},"26":{"start":{"line":47,"column":13},"end":{"line":51,"column":4}},"27":{"start":{"line":47,"column":20},"end":{"line":51,"column":3}},"28":{"start":{"line":52,"column":2},"end":{"line":57,"column":5}},"29":{"start":{"line":58,"column":2},"end":{"line":58,"column":12}}},"fnMap":{"0":{"name":"(anonymous_0)","decl":{"start":{"line":3,"column":23},"end":{"line":3,"column":24}},"loc":{"start":{"line":3,"column":42},"end":{"line":3,"column":53}},"line":3},"1":{"name":"(anonymous_1)","decl":{"start":{"line":4,"column":19},"end":{"line":4,"column":20}},"loc":{"start":{"line":4,"column":25},"end":{"line":4,"column":66}},"line":4},"2":{"name":"(anonymous_2)","decl":{"start":{"line":4,"column":25},"end":{"line":4,"column":26}},"loc":{"start":{"line":4,"column":44},"end":{"line":4,"column":66}},"line":4},"3":{"name":"(anonymous_3)","decl":{"start":{"line":12,"column":14},"end":{"line":12,"column":15}},"loc":{"start":{"line":12,"column":27},"end":{"line":59,"column":1}},"line":12},"4":{"name":"(anonymous_4)","decl":{"start":{"line":15,"column":24},"end":{"line":15,"column":25}},"loc":{"start":{"line":15,"column":32},"end":{"line":15,"column":36}},"line":15},"5":{"name":"(anonymous_5)","decl":{"start":{"line":47,"column":13},"end":{"line":47,"column":14}},"loc":{"start":{"line":47,"column":20},"end":{"line":51,"column":3}},"line":47}},"branchMap":{"0":{"loc":{"start":{"line":19,"column":2},"end":{"line":44,"column":3}},"type":"if","locations":[{"start":{"line":19,"column":2},"end":{"line":44,"column":3}},{"start":{"line":19,"column":2},"end":{"line":44,"column":3}}],"line":19},"1":{"loc":{"start":{"line":23,"column":9},"end":{"line":44,"column":3}},"type":"if","locations":[{"start":{"line":23,"column":9},"end":{"line":44,"column":3}},{"start":{"line":23,"column":9},"end":{"line":44,"column":3}}],"line":23},"2":{"loc":{"start":{"line":25,"column":4},"end":{"line":33,"column":5}},"type":"if","locations":[{"start":{"line":25,"column":4},"end":{"line":33,"column":5}},{"start":{"line":25,"column":4},"end":{"line":33,"column":5}}],"line":25},"3":{"loc":{"start":{"line":35,"column":4},"end":{"line":37,"column":5}},"type":"if","locations":[{"start":{"line":35,"column":4},"end":{"line":37,"column":5}},{"start":{"line":35,"column":4},"end":{"line":37,"column":5}}],"line":35},"4":{"loc":{"start":{"line":39,"column":4},"end":{"line":43,"column":5}},"type":"if","locations":[{"start":{"line":39,"column":4},"end":{"line":43,"column":5}},{"start":{"line":39,"column":4},"end":{"line":43,"column":5}}],"line":39},"5":{"loc":{"start":{"line":40,"column":6},"end":{"line":42,"column":7}},"type":"if","locations":[{"start":{"line":40,"column":6},"end":{"line":42,"column":7}},{"start":{"line":40,"column":6},"end":{"line":42,"column":7}}],"line":40}},"s":{"0":4,"1":1,"2":4,"3":3,"4":1,"5":4,"6":4,"7":19,"8":19,"9":2,"10":19,"11":19,"12":4,"13":4,"14":15,"15":11,"16":11,"17":11,"18":0,"19":0,"20":4,"21":1,"22":3,"23":3,"24":0,"25":0,"26":18,"27":16,"28":18,"29":18},"f":{"0":1,"1":3,"2":1,"3":19,"4":2,"5":16},"b":{"0":[4,15],"1":[11,4],"2":[11,0],"3":[1,3],"4":[0,3],"5":[0,0]},"_coverageSchema":"332fd63041d2c1bcb487cc26dd0d5f7d97098a6c","hash":"5c875a9cf013697a22831e936ed670dde73c77ce"}
,"/Users/zhouyk/workspace/glue-redux/src/index.js": {"path":"/Users/zhouyk/workspace/glue-redux/src/index.js","statementMap":{"0":{"start":{"line":15,"column":27},"end":{"line":22,"column":1}},"1":{"start":{"line":17,"column":2},"end":{"line":21,"column":5}},"2":{"start":{"line":18,"column":4},"end":{"line":20,"column":5}},"3":{"start":{"line":19,"column":6},"end":{"line":19,"column":22}},"4":{"start":{"line":28,"column":28},"end":{"line":66,"column":6}},"5":{"start":{"line":28,"column":45},"end":{"line":66,"column":6}},"6":{"start":{"line":30,"column":21},"end":{"line":30,"column":39}},"7":{"start":{"line":33,"column":2},"end":{"line":64,"column":3}},"8":{"start":{"line":35,"column":23},"end":{"line":35,"column":42}},"9":{"start":{"line":35,"column":31},"end":{"line":35,"column":42}},"10":{"start":{"line":36,"column":25},"end":{"line":36,"column":52}},"11":{"start":{"line":37,"column":4},"end":{"line":43,"column":5}},"12":{"start":{"line":38,"column":6},"end":{"line":38,"column":25}},"13":{"start":{"line":39,"column":11},"end":{"line":43,"column":5}},"14":{"start":{"line":41,"column":6},"end":{"line":41,"column":32}},"15":{"start":{"line":42,"column":6},"end":{"line":42,"column":42}},"16":{"start":{"line":45,"column":4},"end":{"line":58,"column":6}},"17":{"start":{"line":46,"column":23},"end":{"line":46,"column":25}},"18":{"start":{"line":51,"column":25},"end":{"line":51,"column":41}},"19":{"start":{"line":52,"column":6},"end":{"line":55,"column":7}},"20":{"start":{"line":54,"column":8},"end":{"line":54,"column":37}},"21":{"start":{"line":57,"column":6},"end":{"line":57,"column":19}},"22":{"start":{"line":59,"column":9},"end":{"line":64,"column":3}},"23":{"start":{"line":61,"column":4},"end":{"line":61,"column":21}},"24":{"start":{"line":63,"column":4},"end":{"line":63,"column":27}},"25":{"start":{"line":63,"column":16},"end":{"line":63,"column":26}},"26":{"start":{"line":65,"column":2},"end":{"line":65,"column":37}},"27":{"start":{"line":73,"column":17},"end":{"line":88,"column":1}},"28":{"start":{"line":73,"column":26},"end":{"line":88,"column":1}},"29":{"start":{"line":74,"column":33},"end":{"line":74,"column":38}},"30":{"start":{"line":75,"column":45},"end":{"line":75,"column":73}},"31":{"start":{"line":77,"column":19},"end":{"line":77,"column":55}},"32":{"start":{"line":79,"column":18},"end":{"line":79,"column":33}},"33":{"start":{"line":80,"column":23},"end":{"line":80,"column":72}},"34":{"start":{"line":81,"column":19},"end":{"line":81,"column":52}},"35":{"start":{"line":81,"column":28},"end":{"line":81,"column":52}},"36":{"start":{"line":82,"column":2},"end":{"line":87,"column":4}}},"fnMap":{"0":{"name":"(anonymous_0)","decl":{"start":{"line":15,"column":27},"end":{"line":15,"column":28}},"loc":{"start":{"line":15,"column":40},"end":{"line":22,"column":1}},"line":15},"1":{"name":"(anonymous_1)","decl":{"start":{"line":17,"column":27},"end":{"line":17,"column":28}},"loc":{"start":{"line":17,"column":36},"end":{"line":21,"column":3}},"line":17},"2":{"name":"(anonymous_2)","decl":{"start":{"line":28,"column":28},"end":{"line":28,"column":29}},"loc":{"start":{"line":28,"column":45},"end":{"line":66,"column":6}},"line":28},"3":{"name":"(anonymous_3)","decl":{"start":{"line":28,"column":79},"end":{"line":28,"column":80}},"loc":{"start":{"line":28,"column":93},"end":{"line":66,"column":1}},"line":28},"4":{"name":"(anonymous_4)","decl":{"start":{"line":35,"column":23},"end":{"line":35,"column":24}},"loc":{"start":{"line":35,"column":31},"end":{"line":35,"column":42}},"line":35},"5":{"name":"(anonymous_5)","decl":{"start":{"line":45,"column":10},"end":{"line":45,"column":11}},"loc":{"start":{"line":45,"column":40},"end":{"line":58,"column":5}},"line":45},"6":{"name":"(anonymous_6)","decl":{"start":{"line":63,"column":10},"end":{"line":63,"column":11}},"loc":{"start":{"line":63,"column":16},"end":{"line":63,"column":26}},"line":63},"7":{"name":"(anonymous_7)","decl":{"start":{"line":73,"column":17},"end":{"line":73,"column":18}},"loc":{"start":{"line":73,"column":26},"end":{"line":88,"column":1}},"line":73},"8":{"name":"(anonymous_8)","decl":{"start":{"line":73,"column":26},"end":{"line":73,"column":27}},"loc":{"start":{"line":73,"column":41},"end":{"line":88,"column":1}},"line":73},"9":{"name":"(anonymous_9)","decl":{"start":{"line":81,"column":19},"end":{"line":81,"column":20}},"loc":{"start":{"line":81,"column":28},"end":{"line":81,"column":52}},"line":81}},"branchMap":{"0":{"loc":{"start":{"line":18,"column":4},"end":{"line":20,"column":5}},"type":"if","locations":[{"start":{"line":18,"column":4},"end":{"line":20,"column":5}},{"start":{"line":18,"column":4},"end":{"line":20,"column":5}}],"line":18},"1":{"loc":{"start":{"line":33,"column":2},"end":{"line":64,"column":3}},"type":"if","locations":[{"start":{"line":33,"column":2},"end":{"line":64,"column":3}},{"start":{"line":33,"column":2},"end":{"line":64,"column":3}}],"line":33},"2":{"loc":{"start":{"line":37,"column":4},"end":{"line":43,"column":5}},"type":"if","locations":[{"start":{"line":37,"column":4},"end":{"line":43,"column":5}},{"start":{"line":37,"column":4},"end":{"line":43,"column":5}}],"line":37},"3":{"loc":{"start":{"line":39,"column":11},"end":{"line":43,"column":5}},"type":"if","locations":[{"start":{"line":39,"column":11},"end":{"line":43,"column":5}},{"start":{"line":39,"column":11},"end":{"line":43,"column":5}}],"line":39},"4":{"loc":{"start":{"line":45,"column":11},"end":{"line":45,"column":31}},"type":"default-arg","locations":[{"start":{"line":45,"column":19},"end":{"line":45,"column":31}}],"line":45},"5":{"loc":{"start":{"line":52,"column":6},"end":{"line":55,"column":7}},"type":"if","locations":[{"start":{"line":52,"column":6},"end":{"line":55,"column":7}},{"start":{"line":52,"column":6},"end":{"line":55,"column":7}}],"line":52},"6":{"loc":{"start":{"line":59,"column":9},"end":{"line":64,"column":3}},"type":"if","locations":[{"start":{"line":59,"column":9},"end":{"line":64,"column":3}},{"start":{"line":59,"column":9},"end":{"line":64,"column":3}}],"line":59}},"s":{"0":3,"1":6,"2":21,"3":12,"4":3,"5":4,"6":11,"7":11,"8":7,"9":20,"10":7,"11":7,"12":1,"13":6,"14":6,"15":6,"16":7,"17":20,"18":20,"19":20,"20":1,"21":19,"22":4,"23":0,"24":4,"25":10,"26":11,"27":3,"28":6,"29":6,"30":6,"31":4,"32":4,"33":4,"34":4,"35":7,"36":4},"f":{"0":6,"1":21,"2":4,"3":11,"4":20,"5":20,"6":10,"7":6,"8":6,"9":7},"b":{"0":[12,9],"1":[7,4],"2":[1,6],"3":[6,0],"4":[18],"5":[1,19],"6":[0,4]},"_coverageSchema":"332fd63041d2c1bcb487cc26dd0d5f7d97098a6c","hash":"6f71434c17f397a27600a9726785b6f11965ee92"}
,"/Users/zhouyk/workspace/glue-redux/src/validate/inOperatorValidate.js": {"path":"/Users/zhouyk/workspace/glue-redux/src/validate/inOperatorValidate.js","statementMap":{"0":{"start":{"line":1,"column":27},"end":{"line":10,"column":1}},"1":{"start":{"line":3,"column":2},"end":{"line":8,"column":3}},"2":{"start":{"line":5,"column":4},"end":{"line":5,"column":25}},"3":{"start":{"line":7,"column":4},"end":{"line":7,"column":17}},"4":{"start":{"line":9,"column":2},"end":{"line":9,"column":14}}},"fnMap":{"0":{"name":"(anonymous_0)","decl":{"start":{"line":1,"column":27},"end":{"line":1,"column":28}},"loc":{"start":{"line":1,"column":44},"end":{"line":10,"column":1}},"line":1}},"branchMap":{},"s":{"0":3,"1":11,"2":11,"3":1,"4":11},"f":{"0":11},"b":{},"_coverageSchema":"332fd63041d2c1bcb487cc26dd0d5f7d97098a6c","hash":"b75d3bdfb0bef857af97cefd7ffb721b5ae7ab31"}
,"/Users/zhouyk/workspace/glue-redux/test/constants.js": {"path":"/Users/zhouyk/workspace/glue-redux/test/constants.js","statementMap":{"0":{"start":{"line":1,"column":31},"end":{"line":1,"column":172}}},"fnMap":{},"branchMap":{},"s":{"0":2},"f":{},"b":{},"_coverageSchema":"332fd63041d2c1bcb487cc26dd0d5f7d97098a6c","hash":"b4743d2ee37549de8d211f78045b0975ac935b9c"}
}
