TN:
SF:/Users/zhouyk/workspace/glue-redux/example/DevTool.jsx
FN:10,(anonymous_0)
FNF:1
FNH:1
FNDA:3,(anonymous_0)
DA:10,3
LF:1
LH:1
BRF:0
BRH:0
end_of_record
TN:
SF:/Users/zhouyk/workspace/glue-redux/example/store.js
FN:8,(anonymous_0)
FNF:1
FNH:1
FNDA:3,(anonymous_0)
DA:8,3
DA:9,3
DA:16,3
DA:17,3
LF:4
LH:4
BRF:0
BRH:0
end_of_record
TN:
SF:/Users/zhouyk/workspace/glue-redux/example/models/index.js
FNF:0
FNH:0
LF:0
LH:0
BRF:0
BRH:0
end_of_record
TN:
SF:/Users/zhouyk/workspace/glue-redux/example/models/app/model.js
FN:3,(anonymous_0)
FNF:1
FNH:1
FNDA:1,(anonymous_0)
DA:3,3
DA:4,3
DA:8,3
DA:10,3
LF:4
LH:4
BRF:0
BRH:0
end_of_record
TN:
SF:/Users/zhouyk/workspace/glue-redux/example/models/test/model.js
FNF:0
FNH:0
DA:3,3
LF:1
LH:1
BRF:0
BRH:0
end_of_record
TN:
SF:/Users/zhouyk/workspace/glue-redux/src/constants.js
FNF:0
FNH:0
DA:1,4
DA:2,4
DA:3,4
DA:4,4
DA:5,4
DA:6,4
DA:7,4
DA:8,4
DA:9,4
LF:9
LH:9
BRF:0
BRH:0
end_of_record
TN:
SF:/Users/zhouyk/workspace/glue-redux/src/degrade.js
FN:15,(anonymous_0)
FN:35,(anonymous_1)
FN:39,(anonymous_2)
FN:39,(anonymous_3)
FN:56,(anonymous_4)
FN:57,(anonymous_5)
FN:69,(anonymous_6)
FN:71,(anonymous_7)
FN:78,(anonymous_8)
FNF:9
FNH:7
FNDA:9,(anonymous_0)
FNDA:14,(anonymous_1)
FNDA:26,(anonymous_2)
FNDA:2,(anonymous_3)
FNDA:0,(anonymous_4)
FNDA:0,(anonymous_5)
FNDA:6,(anonymous_6)
FNDA:21,(anonymous_7)
FNDA:42,(anonymous_8)
DA:15,3
DA:16,9
DA:17,9
DA:24,0
DA:25,0
DA:35,3
DA:36,14
DA:38,14
DA:39,26
DA:42,2
DA:43,2
DA:44,2
DA:45,0
DA:47,2
DA:56,3
DA:57,3
DA:58,0
DA:59,0
DA:60,0
DA:69,3
DA:70,6
DA:71,6
DA:72,21
DA:74,21
DA:75,6
DA:77,21
DA:78,21
DA:79,42
DA:80,42
DA:81,39
DA:83,0
DA:85,39
DA:86,39
DA:88,39
DA:89,14
DA:90,14
DA:93,14
DA:100,14
DA:103,14
DA:109,14
DA:110,14
DA:111,1
DA:112,1
DA:119,13
DA:122,14
DA:123,25
DA:125,17
DA:127,15
DA:128,15
DA:131,15
DA:133,8
DA:135,8
DA:136,8
DA:137,8
DA:139,7
DA:140,7
DA:142,7
DA:144,15
DA:146,8
DA:147,0
DA:154,8
DA:155,8
DA:159,36
DA:163,0
DA:165,18
DA:170,6
LF:66
LH:57
BRDA:44,0,0,0
BRDA:44,0,1,2
BRDA:58,1,0,0
BRDA:58,1,1,0
BRDA:71,2,0,6
BRDA:71,3,0,6
BRDA:71,4,0,6
BRDA:72,5,0,21
BRDA:72,5,1,0
BRDA:74,6,0,6
BRDA:74,6,1,15
BRDA:74,7,0,21
BRDA:74,7,1,14
BRDA:80,8,0,39
BRDA:80,8,1,3
BRDA:80,9,0,42
BRDA:80,9,1,39
BRDA:81,10,0,0
BRDA:81,10,1,39
BRDA:88,11,0,14
BRDA:88,11,1,25
BRDA:90,12,0,1
BRDA:90,12,1,13
BRDA:110,13,0,1
BRDA:110,13,1,13
BRDA:123,14,0,17
BRDA:123,14,1,8
BRDA:131,15,0,8
BRDA:131,15,1,7
BRDA:131,16,0,15
BRDA:131,16,1,12
BRDA:139,17,0,7
BRDA:139,17,1,0
BRDA:146,18,0,0
BRDA:146,18,1,8
BRDA:154,19,0,8
BRDA:154,19,1,0
BRF:37
BRH:29
end_of_record
TN:
SF:/Users/zhouyk/workspace/glue-redux/src/genProxy.js
FN:1,(anonymous_0)
FN:2,(anonymous_1)
FN:4,(anonymous_2)
FN:10,set
FN:26,(anonymous_4)
FN:32,(anonymous_5)
FN:35,(anonymous_6)
FNF:7
FNH:6
FNDA:6,(anonymous_0)
FNDA:4,(anonymous_1)
FNDA:8,(anonymous_2)
FNDA:37,set
FNDA:4,(anonymous_4)
FNDA:2,(anonymous_5)
FNDA:0,(anonymous_6)
DA:1,6
DA:2,4
DA:4,4
DA:5,8
DA:6,8
DA:7,6
DA:9,72
DA:10,37
DA:11,37
DA:12,2
DA:14,35
DA:17,35
DA:18,35
DA:20,0
DA:23,6
DA:25,2
DA:26,2
DA:27,4
DA:28,2
DA:30,2
DA:32,2
DA:33,2
DA:35,2
DA:36,0
DA:38,2
LF:25
LH:23
BRDA:6,0,0,6
BRDA:6,0,1,2
BRDA:6,1,0,8
BRDA:6,1,1,0
BRDA:9,2,0,37
BRDA:9,2,1,35
BRDA:11,3,0,2
BRDA:11,3,1,35
BRDA:17,4,0,35
BRDA:17,4,1,0
BRDA:27,5,0,2
BRDA:27,5,1,2
BRF:12
BRH:10
end_of_record
TN:
SF:/Users/zhouyk/workspace/glue-redux/src/getStateByModelReference.js
FN:3,(anonymous_0)
FN:3,(anonymous_1)
FN:14,(anonymous_2)
FNF:3
FNH:3
FNDA:4,(anonymous_0)
FNDA:16,(anonymous_1)
FNDA:24,(anonymous_2)
DA:3,4
DA:4,16
DA:5,4
DA:7,12
DA:8,12
DA:10,12
DA:11,2
DA:13,10
DA:14,24
LF:9
LH:9
BRDA:4,0,0,4
BRDA:4,0,1,12
BRDA:10,1,0,2
BRDA:10,1,1,10
BRF:4
BRH:4
end_of_record
TN:
SF:/Users/zhouyk/workspace/glue-redux/src/getType.js
FN:1,(anonymous_0)
FNF:1
FNH:1
FNDA:46,(anonymous_0)
DA:1,46
LF:1
LH:1
BRF:0
BRH:0
end_of_record
TN:
SF:/Users/zhouyk/workspace/glue-redux/src/glueAction.js
FN:3,(anonymous_0)
FN:5,(anonymous_1)
FNF:2
FNH:2
FNDA:14,(anonymous_0)
FNDA:1,(anonymous_1)
DA:3,3
DA:4,14
DA:5,14
DA:6,1
DA:8,1
DA:9,1
DA:11,14
DA:25,14
LF:8
LH:8
BRF:0
BRH:0
end_of_record
TN:
SF:/Users/zhouyk/workspace/glue-redux/src/gluer.js
FN:3,(anonymous_0)
FN:4,(anonymous_1)
FN:4,(anonymous_2)
FN:12,(anonymous_3)
FN:15,(anonymous_4)
FN:47,(anonymous_5)
FNF:6
FNH:6
FNDA:1,(anonymous_0)
FNDA:3,(anonymous_1)
FNDA:1,(anonymous_2)
FNDA:19,(anonymous_3)
FNDA:2,(anonymous_4)
FNDA:16,(anonymous_5)
DA:3,4
DA:4,4
DA:5,4
DA:12,4
DA:13,19
DA:15,19
DA:17,19
DA:19,19
DA:21,4
DA:22,4
DA:23,15
DA:25,11
DA:27,11
DA:29,11
DA:31,0
DA:32,0
DA:35,4
DA:36,1
DA:38,3
DA:39,3
DA:40,0
DA:41,0
DA:47,18
DA:52,18
DA:58,18
LF:25
LH:21
BRDA:19,0,0,4
BRDA:19,0,1,15
BRDA:23,1,0,11
BRDA:23,1,1,4
BRDA:25,2,0,11
BRDA:25,2,1,0
BRDA:35,3,0,1
BRDA:35,3,1,3
BRDA:39,4,0,0
BRDA:39,4,1,3
BRDA:40,5,0,0
BRDA:40,5,1,0
BRF:12
BRH:8
end_of_record
TN:
SF:/Users/zhouyk/workspace/glue-redux/src/index.js
FN:15,(anonymous_0)
FN:17,(anonymous_1)
FN:28,(anonymous_2)
FN:28,(anonymous_3)
FN:35,(anonymous_4)
FN:45,(anonymous_5)
FN:63,(anonymous_6)
FN:73,(anonymous_7)
FN:73,(anonymous_8)
FN:81,(anonymous_9)
FNF:10
FNH:10
FNDA:6,(anonymous_0)
FNDA:21,(anonymous_1)
FNDA:4,(anonymous_2)
FNDA:11,(anonymous_3)
FNDA:20,(anonymous_4)
FNDA:20,(anonymous_5)
FNDA:10,(anonymous_6)
FNDA:6,(anonymous_7)
FNDA:6,(anonymous_8)
FNDA:7,(anonymous_9)
DA:15,3
DA:17,6
DA:18,21
DA:19,12
DA:28,4
DA:30,11
DA:33,11
DA:35,20
DA:36,7
DA:37,7
DA:38,1
DA:39,6
DA:41,6
DA:42,6
DA:45,7
DA:46,20
DA:51,20
DA:52,20
DA:54,1
DA:57,19
DA:59,4
DA:61,0
DA:63,10
DA:65,11
DA:73,6
DA:74,6
DA:75,6
DA:77,4
DA:79,4
DA:80,4
DA:81,7
DA:82,4
LF:32
LH:31
BRDA:18,0,0,12
BRDA:18,0,1,9
BRDA:33,1,0,7
BRDA:33,1,1,4
BRDA:37,2,0,1
BRDA:37,2,1,6
BRDA:39,3,0,6
BRDA:39,3,1,0
BRDA:45,4,0,18
BRDA:52,5,0,1
BRDA:52,5,1,19
BRDA:59,6,0,0
BRDA:59,6,1,4
BRF:13
BRH:11
end_of_record
TN:
SF:/Users/zhouyk/workspace/glue-redux/src/validate/inOperatorValidate.js
FN:1,(anonymous_0)
FNF:1
FNH:1
FNDA:11,(anonymous_0)
DA:1,3
DA:3,11
DA:5,11
DA:7,1
DA:9,11
LF:5
LH:5
BRF:0
BRH:0
end_of_record
TN:
SF:/Users/zhouyk/workspace/glue-redux/test/constants.js
FNF:0
FNH:0
DA:1,2
LF:1
LH:1
BRF:0
BRH:0
end_of_record
